Determining if the pthread_create exist failed with the following output:
Change Dir: /home/macosma1/catkin_ws/build/turtlebot3_navigation/CMakeFiles/CMakeTmp

Run Build Command:"/usr/bin/make" "cmTC_786d0/fast"
/usr/bin/make -f CMakeFiles/cmTC_786d0.dir/build.make CMakeFiles/cmTC_786d0.dir/build
make[1]: se entra en el directorio '/home/macosma1/catkin_ws/build/turtlebot3_navigation/CMakeFiles/CMakeTmp'
Building C object CMakeFiles/cmTC_786d0.dir/CheckSymbolExists.c.o
/usr/bin/cc    -o CMakeFiles/cmTC_786d0.dir/CheckSymbolExists.c.o   -c /home/macosma1/catkin_ws/build/turtlebot3_navigation/CMakeFiles/CMakeTmp/CheckSymbolExists.c
Linking C executable cmTC_786d0
/usr/bin/cmake -E cmake_link_script CMakeFiles/cmTC_786d0.dir/link.txt --verbose=1
/usr/bin/cc      -rdynamic CMakeFiles/cmTC_786d0.dir/CheckSymbolExists.c.o  -o cmTC_786d0 
CMakeFiles/cmTC_786d0.dir/CheckSymbolExists.c.o: En la funci√≥n `main':
CheckSymbolExists.c:(.text+0x1b): referencia a `pthread_create' sin definir
collect2: error: ld returned 1 exit status
CMakeFiles/cmTC_786d0.dir/build.make:97: fallo en las instrucciones para el objetivo 'cmTC_786d0'
make[1]: *** [cmTC_786d0] Error 1
make[1]: se sale del directorio '/home/macosma1/catkin_ws/build/turtlebot3_navigation/CMakeFiles/CMakeTmp'
Makefile:126: fallo en las instrucciones para el objetivo 'cmTC_786d0/fast'
make: *** [cmTC_786d0/fast] Error 2

File /home/macosma1/catkin_ws/build/turtlebot3_navigation/CMakeFiles/CMakeTmp/CheckSymbolExists.c:
/* */
#include <pthread.h>

int main(int argc, char** argv)
{
  (void)argv;
#ifndef pthread_create
  return ((int*)(&pthread_create))[argc];
#else
  (void)argc;
  return 0;
#endif
}

Determining if the function pthread_create exists in the pthreads failed with the following output:
Change Dir: /home/macosma1/catkin_ws/build/turtlebot3_navigation/CMakeFiles/CMakeTmp

Run Build Command:"/usr/bin/make" "cmTC_d9173/fast"
/usr/bin/make -f CMakeFiles/cmTC_d9173.dir/build.make CMakeFiles/cmTC_d9173.dir/build
make[1]: se entra en el directorio '/home/macosma1/catkin_ws/build/turtlebot3_navigation/CMakeFiles/CMakeTmp'
Building C object CMakeFiles/cmTC_d9173.dir/CheckFunctionExists.c.o
/usr/bin/cc   -DCHECK_FUNCTION_EXISTS=pthread_create   -o CMakeFiles/cmTC_d9173.dir/CheckFunctionExists.c.o   -c /usr/share/cmake-3.10/Modules/CheckFunctionExists.c
Linking C executable cmTC_d9173
/usr/bin/cmake -E cmake_link_script CMakeFiles/cmTC_d9173.dir/link.txt --verbose=1
/usr/bin/cc  -DCHECK_FUNCTION_EXISTS=pthread_create    -rdynamic CMakeFiles/cmTC_d9173.dir/CheckFunctionExists.c.o  -o cmTC_d9173 -lpthreads 
/usr/bin/ld: no se puede encontrar -lpthreads
collect2: error: ld returned 1 exit status
CMakeFiles/cmTC_d9173.dir/build.make:97: fallo en las instrucciones para el objetivo 'cmTC_d9173'
make[1]: *** [cmTC_d9173] Error 1
make[1]: se sale del directorio '/home/macosma1/catkin_ws/build/turtlebot3_navigation/CMakeFiles/CMakeTmp'
Makefile:126: fallo en las instrucciones para el objetivo 'cmTC_d9173/fast'
make: *** [cmTC_d9173/fast] Error 2


